c:\users\administrator\desktop\laptrinh\game\game\game\debug\vc142.pdb
c:\users\administrator\desktop\laptrinh\game\game\game\debug\vc142.idb
c:\users\administrator\desktop\laptrinh\game\game\game\debug\common_function.obj
c:\users\administrator\desktop\laptrinh\game\game\game\debug\main.obj
c:\users\administrator\desktop\laptrinh\game\game\game\debug\baseobj.obj
c:\users\administrator\desktop\laptrinh\game\game\game\debug\amo.obj
c:\users\administrator\desktop\laptrinh\game\game\game\debug\threatobj.obj
c:\users\administrator\desktop\laptrinh\game\game\game\debug\mainobj.obj
c:\users\administrator\desktop\laptrinh\game\game\game\debug\explosion.obj
c:\users\administrator\desktop\laptrinh\game\game\debug\game.exe
c:\users\administrator\desktop\laptrinh\game\game\game\debug\game.ilk
c:\users\administrator\desktop\laptrinh\game\game\debug\game.pdb
c:\users\administrator\desktop\laptrinh\game\game\game\debug\main.obj.enc
c:\users\administrator\desktop\laptrinh\game\game\debug\game.ilk
c:\users\administrator\desktop\laptrinh\game\game\game\debug\game.tlog\cl.command.1.tlog
c:\users\administrator\desktop\laptrinh\game\game\game\debug\game.tlog\cl.read.1.tlog
c:\users\administrator\desktop\laptrinh\game\game\game\debug\game.tlog\cl.write.1.tlog
c:\users\administrator\desktop\laptrinh\game\game\game\debug\game.tlog\link.command.1.tlog
c:\users\administrator\desktop\laptrinh\game\game\game\debug\game.tlog\link.read.1.tlog
c:\users\administrator\desktop\laptrinh\game\game\game\debug\game.tlog\link.write.1.tlog
